This is pdfTeX, Version 3.1415926-2.4-1.40.13 (TeX Live 2012) (format=pdflatex 2012.6.30)  29 MAY 2013 16:06
entering extended mode
 restricted \write18 enabled.
 %&-line parsing enabled.
**paper
(./paper.tex
LaTeX2e <2011/06/27>
Babel <v3.8m> and hyphenation patterns for english, dumylang, nohyphenation, ge
rman-x-2012-05-30, ngerman-x-2012-05-30, afrikaans, ancientgreek, ibycus, arabi
c, armenian, basque, bulgarian, catalan, pinyin, coptic, croatian, czech, danis
h, dutch, ukenglish, usenglishmax, esperanto, estonian, ethiopic, farsi, finnis
h, french, friulan, galician, german, ngerman, swissgerman, monogreek, greek, h
ungarian, icelandic, assamese, bengali, gujarati, hindi, kannada, malayalam, ma
rathi, oriya, panjabi, tamil, telugu, indonesian, interlingua, irish, italian, 
kurmanji, latin, latvian, lithuanian, mongolian, mongolianlmc, bokmal, nynorsk,
 polish, portuguese, romanian, romansh, russian, sanskrit, serbian, serbianc, s
lovak, slovenian, spanish, swedish, turkish, turkmen, ukrainian, uppersorbian, 
welsh, loaded.
(./emulateapj.cls
Document Class: emulateapj 
\bibbaselineskip=\skip41
(/usr/local/texlive/2012/texmf-dist/tex/latex/revtex4/revtex4.cls
Document Class: revtex4 2001/08/02 v4.0 (http://publish.aps.org/revtex4/ for do
cumentation)
 Copyright (c) 2001 The American Physical Society.
 mailto:revtex@aps.org
 Licensed under the LPPL:
http://www.ctan.org/tex-archive/macros/latex/base/lppl.txt
 Arthur Ogawa <ogawa@teleport.com>
 Based on work by David Carlisle <david@dcarlisle.demon.co.uk>.
ltxutil: portions licensed from W. E. Baxter (web@superscript.com)
Class revtex4 Info: Repairing broken LateX \@sect on input line 596.
\intertabularlinepenalty=\count79
\@tbpen=\count80
\@arstrutbox@hline=\box26
Class revtex4 Info: Repairing broken LaTeX \@xbitor on input line 1610.
ltxgrid: portions licensed from W. E. Baxter (web@superscript.com)
\c@linecount=\count81
\output=\toks14
\@protection@box=\box27
\@topmark@saved=\toks15
\footins@saved=\box28
\pagesofar=\box29
\footbox=\box30
\pagegrid@col=\count82
Class revtex4 Info: Incorporating package {textcase}  [1998/11/12 v0.06 Text on
ly upper/lower case changing (DPC)]. on input line 3682.
(/usr/local/texlive/2012/texmf-dist/tex/latex/url/url.sty
\Urlmuskip=\muskip10
Package: url 2006/04/12  ver 3.3  Verb mode for urls, etc.
)
\c@affil=\count83
\absbox=\box31
\c@part=\count84
\c@section=\count85
\c@subsection=\count86
\c@subsubsection=\count87
\c@paragraph=\count88
\c@subparagraph=\count89
\abovecaptionskip=\skip42
\belowcaptionskip=\skip43
\c@figure=\count90
\c@table=\count91

(/usr/local/texlive/2012/texmf-dist/tex/latex/natbib/natbib.sty
Package: natbib 2010/09/13 8.31b (PWD, AO)
\bibhang=\skip44
\bibsep=\skip45
LaTeX Info: Redefining \cite on input line 694.
\c@NAT@ctr=\count92
)
\widetext@top=\box32
\widetext@bot=\box33

(/usr/local/texlive/2012/texmf-dist/tex/latex/revtex4/revsymb.sty
Package: revsymb 2001/08/02 v4.0 (http://publish.aps.org/revtex4/ for documenta
tion)
LaTeX Info: Redefining \REV@mathfrak on input line 118.
))

Class revtex4 Warning: No Society specified, using generic APS style.

(/usr/local/texlive/2012/texmf-dist/tex/latex/revtex4/aps.rtx
File: aps.rtx 2001/08/02 v4.0 (http://publish.aps.org/revtex4/ for documentatio
n)
)
(/usr/local/texlive/2012/texmf-dist/tex/latex/revtex4/10pt.rtx
File: 10pt.rtx 2001/08/02 v4.0 (http://publish.aps.org/revtex4/ for documentati
on)
)
(/usr/local/texlive/2012/texmf-dist/tex/latex/base/latexsym.sty
Package: latexsym 1998/08/17 v2.2e Standard LaTeX package (lasy symbols)
\symlasy=\mathgroup4
LaTeX Font Info:    Overwriting symbol font `lasy' in version `bold'
(Font)                  U/lasy/m/n --> U/lasy/b/n on input line 47.
)
(/usr/local/texlive/2012/texmf-dist/tex/latex/graphics/graphicx.sty
Package: graphicx 1999/02/16 v1.0f Enhanced LaTeX Graphics (DPC,SPQR)

(/usr/local/texlive/2012/texmf-dist/tex/latex/graphics/keyval.sty
Package: keyval 1999/03/16 v1.13 key=value parser (DPC)
\KV@toks@=\toks16
)
(/usr/local/texlive/2012/texmf-dist/tex/latex/graphics/graphics.sty
Package: graphics 2009/02/05 v1.0o Standard LaTeX Graphics (DPC,SPQR)

(/usr/local/texlive/2012/texmf-dist/tex/latex/graphics/trig.sty
Package: trig 1999/03/16 v1.09 sin cos tan (DPC)
)
(/usr/local/texlive/2012/texmf-dist/tex/latex/latexconfig/graphics.cfg
File: graphics.cfg 2010/04/23 v1.9 graphics configuration of TeX Live
)
Package graphics Info: Driver file: pdftex.def on input line 91.

(/usr/local/texlive/2012/texmf-dist/tex/latex/pdftex-def/pdftex.def
File: pdftex.def 2011/05/27 v0.06d Graphics/color for pdfTeX

(/usr/local/texlive/2012/texmf-dist/tex/generic/oberdiek/infwarerr.sty
Package: infwarerr 2010/04/08 v1.3 Providing info/warning/error messages (HO)
)
(/usr/local/texlive/2012/texmf-dist/tex/generic/oberdiek/ltxcmds.sty
Package: ltxcmds 2011/11/09 v1.22 LaTeX kernel commands for general use (HO)
)
\Gread@gobject=\count93
))
\Gin@req@height=\dimen102
\Gin@req@width=\dimen103
)
(/usr/local/texlive/2012/texmf-dist/tex/latex/amsfonts/amssymb.sty
Package: amssymb 2009/06/22 v3.00

(/usr/local/texlive/2012/texmf-dist/tex/latex/amsfonts/amsfonts.sty
Package: amsfonts 2009/06/22 v3.00 Basic AMSFonts support
\@emptytoks=\toks17
\symAMSa=\mathgroup5
\symAMSb=\mathgroup6
LaTeX Font Info:    Overwriting math alphabet `\mathfrak' in version `bold'
(Font)                  U/euf/m/n --> U/euf/b/n on input line 96.
LaTeX Info: Redefining \frak on input line 99.
LaTeX Info: Redefining \Bbb on input line 101.
))
(/usr/local/texlive/2012/texmf-dist/tex/latex/tools/longtable.sty
Package: longtable 2004/02/01 v4.11 Multi-page Table package (DPC)
\LTleft=\skip46
\LTright=\skip47
\LTpre=\skip48
\LTpost=\skip49
\LTchunksize=\count94
\LTcapwidth=\dimen104
\LT@head=\box34
\LT@firsthead=\box35
\LT@foot=\box36
\LT@lastfoot=\box37
\LT@cols=\count95
\LT@rows=\count96
\c@LT@tables=\count97
\c@LT@chunks=\count98
\LT@p@ftn=\toks18
)
(/usr/local/texlive/2012/texmf-dist/tex/generic/epsf/epsf.sty
This is `epsf.tex' v2.7.4 <14 February 2011>
\epsffilein=\read1
\epsfframemargin=\dimen105
\epsfframethickness=\dimen106
\epsfrsize=\dimen107
\epsftmp=\dimen108
\epsftsize=\dimen109
\epsfxsize=\dimen110
\epsfysize=\dimen111
\pspoints=\dimen112
)
\c@front@matter@foot@note=\count99
\alt@affil@toks=\toks19
\alt@affil@toks@count=\toks20
\keys@width=\skip50
\c@lastfootnote=\count100
\c@remember@figure@num=\count101
\c@remember@table@num=\count102
\bibindent=\dimen113
\plot@width=\skip51
\c@table@save=\count103
\table@note@skip=\skip52
\deluxe@table@width=\skip53
\@d@t@a=\skip54
\c@deluxe@table@num=\count104
\abovedeluxetableskip=\skip55
\belowdeluxetableskip=\skip56
\DT@p@ftn=\toks21
\pt@column=\count105
\pt@ncol=\count106
) (./paper.aux)
\openout1 = `paper.aux'.

LaTeX Font Info:    Checking defaults for OML/cmm/m/it on input line 24.
LaTeX Font Info:    ... okay on input line 24.
LaTeX Font Info:    Checking defaults for T1/cmr/m/n on input line 24.
LaTeX Font Info:    ... okay on input line 24.
LaTeX Font Info:    Checking defaults for OT1/cmr/m/n on input line 24.
LaTeX Font Info:    ... okay on input line 24.
LaTeX Font Info:    Checking defaults for OMS/cmsy/m/n on input line 24.
LaTeX Font Info:    ... okay on input line 24.
LaTeX Font Info:    Checking defaults for OMX/cmex/m/n on input line 24.
LaTeX Font Info:    ... okay on input line 24.
LaTeX Font Info:    Checking defaults for U/cmr/m/n on input line 24.
LaTeX Font Info:    ... okay on input line 24.
Class revtex4 Info: Patching LaTeX tabular. on input line 24.
Class revtex4 Info: Patching unrecognized longtable package. (Proceeding with f
ingers crossed) on input line 24.
Class revtex4 Info: cite was not loaded (OK!) on input line 24.
Class revtex4 Info: multicol was not loaded (OK!) on input line 24.

(/usr/local/texlive/2012/texmf-dist/tex/context/base/supp-pdf.mkii
[Loading MPS to PDF converter (version 2006.09.02).]
\scratchcounter=\count107
\scratchdimen=\dimen114
\scratchbox=\box38
\nofMPsegments=\count108
\nofMParguments=\count109
\everyMPshowfont=\toks22
\MPscratchCnt=\count110
\MPscratchDim=\dimen115
\MPnumerator=\count111
\makeMPintoPDFobject=\count112
\everyMPtoPDFconversion=\toks23
) (/usr/local/texlive/2012/texmf-dist/tex/generic/oberdiek/pdftexcmds.sty
Package: pdftexcmds 2011/11/29 v0.20 Utility functions of pdfTeX for LuaTeX (HO
)

(/usr/local/texlive/2012/texmf-dist/tex/generic/oberdiek/ifluatex.sty
Package: ifluatex 2010/03/01 v1.3 Provides the ifluatex switch (HO)
Package ifluatex Info: LuaTeX not detected.
)
(/usr/local/texlive/2012/texmf-dist/tex/generic/oberdiek/ifpdf.sty
Package: ifpdf 2011/01/30 v2.3 Provides the ifpdf switch (HO)
Package ifpdf Info: pdfTeX in PDF mode is detected.
)
Package pdftexcmds Info: LuaTeX not detected.
Package pdftexcmds Info: \pdf@primitive is available.
Package pdftexcmds Info: \pdf@ifprimitive is available.
Package pdftexcmds Info: \pdfdraftmode found.
)
(/usr/local/texlive/2012/texmf-dist/tex/latex/oberdiek/epstopdf-base.sty
Package: epstopdf-base 2010/02/09 v2.5 Base part for package epstopdf

(/usr/local/texlive/2012/texmf-dist/tex/latex/oberdiek/grfext.sty
Package: grfext 2010/08/19 v1.1 Manage graphics extensions (HO)

(/usr/local/texlive/2012/texmf-dist/tex/generic/oberdiek/kvdefinekeys.sty
Package: kvdefinekeys 2011/04/07 v1.3 Define keys (HO)
))
(/usr/local/texlive/2012/texmf-dist/tex/latex/oberdiek/kvoptions.sty
Package: kvoptions 2011/06/30 v3.11 Key value format for package options (HO)

(/usr/local/texlive/2012/texmf-dist/tex/generic/oberdiek/kvsetkeys.sty
Package: kvsetkeys 2012/04/25 v1.16 Key value parser (HO)

(/usr/local/texlive/2012/texmf-dist/tex/generic/oberdiek/etexcmds.sty
Package: etexcmds 2011/02/16 v1.5 Avoid name clashes with e-TeX commands (HO)
Package etexcmds Info: Could not find \expanded.
(etexcmds)             That can mean that you are not using pdfTeX 1.50 or
(etexcmds)             that some package has redefined \expanded.
(etexcmds)             In the latter case, load this package earlier.
)))
Package grfext Info: Graphics extension search list:
(grfext)             [.png,.pdf,.jpg,.mps,.jpeg,.jbig2,.jb2,.PNG,.PDF,.JPG,.JPE
G,.JBIG2,.JB2,.eps]
(grfext)             \AppendGraphicsExtensions on input line 452.

(/usr/local/texlive/2012/texmf-dist/tex/latex/latexconfig/epstopdf-sys.cfg
File: epstopdf-sys.cfg 2010/07/13 v1.3 Configuration of (r)epstopdf for TeX Liv
e
))
LaTeX Font Info:    Try loading font information for U+lasy on input line 43.

(/usr/local/texlive/2012/texmf-dist/tex/latex/base/ulasy.fd
File: ulasy.fd 1998/08/17 v2.2e LaTeX symbol font definitions
)
LaTeX Font Info:    Try loading font information for U+msa on input line 43.

(/usr/local/texlive/2012/texmf-dist/tex/latex/amsfonts/umsa.fd
File: umsa.fd 2009/06/22 v3.00 AMS symbols A
)
LaTeX Font Info:    Try loading font information for U+msb on input line 43.

(/usr/local/texlive/2012/texmf-dist/tex/latex/amsfonts/umsb.fd
File: umsb.fd 2009/06/22 v3.00 AMS symbols B
)

Class revtex4 Warning: Assuming \noaffiliation for Conor L. Mancone\textsupersc
ript {1}, Anthony H. Gonzalez\textsuperscript {1}, Leonidas A. Moustakas\textsu
perscript {2}, Andrew Price\textsuperscript {2} .


Underfull \hbox (badness 2158) in paragraph at lines 50--51
[]\OT1/cmr/m/n/10 Astronomy has in-creas-ingly ben-e-fited from high-
 []

[1{/usr/local/texlive/2012/texmf-var/fonts/map/pdftex/updmap/pdftex.map}]

Package natbib Warning: Citation `stetson87' on page 2 undefined on input line 
64.

Package epstopdf Info: Source file: <flowchart.eps>
(epstopdf)                    date: 2012-10-16 06:41:19
(epstopdf)                    size: 35126657 bytes
(epstopdf)             Output file: <flowchart-eps-converted-to.pdf>
(epstopdf)             Command: <repstopdf --outfile=flowchart-eps-converted-to
.pdf flowchart.eps>
(epstopdf)             \includegraphics on input line 82.
runsystem(repstopdf --outfile=flowchart-eps-converted-to.pdf flowchart.eps)...e
xecuted safely (allowed).

Package epstopdf Info: Result file: <flowchart-eps-converted-to.pdf>
(epstopdf)                    date: 2013-05-29 16:06:57
(epstopdf)                    size: 210264 bytes.
<flowchart-eps-converted-to.pdf, id=17, 2042.63126pt x 2847.63875pt>
File: flowchart-eps-converted-to.pdf Graphic file (type pdf)

<use flowchart-eps-converted-to.pdf>
Package pdftex.def Info: flowchart-eps-converted-to.pdf used on input line 82.
(pdftex.def)             Requested size: 436.15294pt x 608.01563pt.

Underfull \hbox (badness 10000) in paragraph at lines 83--83
$[]$
 []


Underfull \hbox (badness 10000) in paragraph at lines 83--83

 []

[2] [3 <./flowchart-eps-converted-to.pdf>]
Underfull \hbox (badness 1281) in paragraph at lines 94--95
\OT1/cmr/m/n/10 the LRI to re-move its con-tri-bu-tion from the low-
 []

[4]
Package epstopdf Info: Source file: <342_panels.eps>
(epstopdf)                    date: 2012-10-30 07:38:03
(epstopdf)                    size: 1035920 bytes
(epstopdf)             Output file: <342_panels-eps-converted-to.pdf>
(epstopdf)             Command: <repstopdf --outfile=342_panels-eps-converted-t
o.pdf 342_panels.eps>
(epstopdf)             \includegraphics on input line 136.
runsystem(repstopdf --outfile=342_panels-eps-converted-to.pdf 342_panels.eps)..
.executed safely (allowed).

Package epstopdf Info: Result file: <342_panels-eps-converted-to.pdf>
(epstopdf)                    date: 2013-05-29 16:06:58
(epstopdf)                    size: 197536 bytes.
 <342_panels-eps-converted-to.pdf, id=34, 505.89pt x 252.945pt>
File: 342_panels-eps-converted-to.pdf Graphic file (type pdf)

<use 342_panels-eps-converted-to.pdf>
Package pdftex.def Info: 342_panels-eps-converted-to.pdf used on input line 136
.
(pdftex.def)             Requested size: 436.15294pt x 218.08038pt.

Underfull \hbox (badness 10000) in paragraph at lines 137--137
$[]$
 []


Underfull \hbox (badness 10000) in paragraph at lines 137--137

 []

Package epstopdf Info: Source file: <problems.eps>
(epstopdf)                    date: 2012-10-30 09:54:48
(epstopdf)                    size: 4542145 bytes
(epstopdf)             Output file: <problems-eps-converted-to.pdf>
(epstopdf)             Command: <repstopdf --outfile=problems-eps-converted-to.
pdf problems.eps>
(epstopdf)             \includegraphics on input line 158.
runsystem(repstopdf --outfile=problems-eps-converted-to.pdf problems.eps)...exe
cuted safely (allowed).

Package epstopdf Info: Result file: <problems-eps-converted-to.pdf>
(epstopdf)                    date: 2013-05-29 16:06:59
(epstopdf)                    size: 188714 bytes.
<problems-eps-converted-to.pdf, id=35, 433.62pt x 433.62pt>
File: problems-eps-converted-to.pdf Graphic file (type pdf)

<use problems-eps-converted-to.pdf>
Package pdftex.def Info: problems-eps-converted-to.pdf used on input line 158.
(pdftex.def)             Requested size: 436.15294pt x 436.1729pt.

Underfull \hbox (badness 10000) in paragraph at lines 159--159
$[]$
 []


Underfull \hbox (badness 10000) in paragraph at lines 159--159

 []


Underfull \hbox (badness 1728) in paragraph at lines 164--165
\OT1/cmr/m/n/10 their resid-u-als af-ter fit-ting in the cen-ter of ISCS
 []

[5] [6 <./342_panels-eps-converted-to.pdf>] [7 <./problems-eps-converted-to.pdf
>]
Package epstopdf Info: Source file: <mag_sims.eps>
(epstopdf)                    date: 2012-10-16 07:46:23
(epstopdf)                    size: 130205 bytes
(epstopdf)             Output file: <mag_sims-eps-converted-to.pdf>
(epstopdf)             Command: <repstopdf --outfile=mag_sims-eps-converted-to.
pdf mag_sims.eps>
(epstopdf)             \includegraphics on input line 188.
runsystem(repstopdf --outfile=mag_sims-eps-converted-to.pdf mag_sims.eps)...exe
cuted safely (allowed).

Package epstopdf Info: Result file: <mag_sims-eps-converted-to.pdf>
(epstopdf)                    date: 2013-05-29 16:06:59
(epstopdf)                    size: 450914 bytes.
 <mag_sims-eps-converted-to.pdf, id=54, 578.16pt x 289.08pt>
File: mag_sims-eps-converted-to.pdf Graphic file (type pdf)

<use mag_sims-eps-converted-to.pdf>
Package pdftex.def Info: mag_sims-eps-converted-to.pdf used on input line 188.
(pdftex.def)             Requested size: 436.15294pt x 218.07541pt.

Underfull \hbox (badness 10000) in paragraph at lines 189--189
$[]$
 []


Underfull \hbox (badness 10000) in paragraph at lines 189--189

 []

Package epstopdf Info: Source file: <close_sim.eps>
(epstopdf)                    date: 2012-10-30 11:28:11
(epstopdf)                    size: 122723 bytes
(epstopdf)             Output file: <close_sim-eps-converted-to.pdf>
(epstopdf)             Command: <repstopdf --outfile=close_sim-eps-converted-to
.pdf close_sim.eps>
(epstopdf)             \includegraphics on input line 194.
runsystem(repstopdf --outfile=close_sim-eps-converted-to.pdf close_sim.eps)...e
xecuted safely (allowed).

Package epstopdf Info: Result file: <close_sim-eps-converted-to.pdf>
(epstopdf)                    date: 2013-05-29 16:07:01
(epstopdf)                    size: 699148 bytes.
<close_sim-eps-converted-to.pdf, id=55, 578.16pt x 325.215pt>
File: close_sim-eps-converted-to.pdf Graphic file (type pdf)

<use close_sim-eps-converted-to.pdf>
Package pdftex.def Info: close_sim-eps-converted-to.pdf used on input line 194.

(pdftex.def)             Requested size: 436.15294pt x 245.33484pt.

Underfull \hbox (badness 10000) in paragraph at lines 195--195
$[]$
 []


Underfull \hbox (badness 10000) in paragraph at lines 195--195

 []

Package epstopdf Info: Source file: <mag_sims_cut.eps>
(epstopdf)                    date: 2012-10-16 07:46:12
(epstopdf)                    size: 121244 bytes
(epstopdf)             Output file: <mag_sims_cut-eps-converted-to.pdf>
(epstopdf)             Command: <repstopdf --outfile=mag_sims_cut-eps-converted
-to.pdf mag_sims_cut.eps>
(epstopdf)             \includegraphics on input line 204.
runsystem(repstopdf --outfile=mag_sims_cut-eps-converted-to.pdf mag_sims_cut.ep
s)...executed safely (allowed).

Package epstopdf Info: Result file: <mag_sims_cut-eps-converted-to.pdf>
(epstopdf)                    date: 2013-05-29 16:07:01
(epstopdf)                    size: 387339 bytes.
<mag_sims_cut-eps-converted-to.pdf, id=56, 578.16pt x 289.08pt>
File: mag_sims_cut-eps-converted-to.pdf Graphic file (type pdf)

<use mag_sims_cut-eps-converted-to.pdf>
Package pdftex.def Info: mag_sims_cut-eps-converted-to.pdf used on input line 2
04.
(pdftex.def)             Requested size: 436.15294pt x 218.07541pt.

Underfull \hbox (badness 10000) in paragraph at lines 205--205
$[]$
 []


Underfull \hbox (badness 10000) in paragraph at lines 205--205

 []

Package epstopdf Info: Source file: <ch1_error_correlations.eps>
(epstopdf)                    date: 2012-10-08 10:02:31
(epstopdf)                    size: 84714 bytes
(epstopdf)             Output file: <ch1_error_correlations-eps-converted-to.pd
f>
(epstopdf)             Command: <repstopdf --outfile=ch1_error_correlations-eps
-converted-to.pdf ch1_error_correlations.eps>
(epstopdf)             \includegraphics on input line 214.
runsystem(repstopdf --outfile=ch1_error_correlations-eps-converted-to.pdf ch1_e
rror_correlations.eps)...executed safely (allowed).

Package epstopdf Info: Result file: <ch1_error_correlations-eps-converted-to.pd
f>
(epstopdf)                    date: 2013-05-29 16:07:02
(epstopdf)                    size: 249167 bytes.
<ch1_error_correlations-eps-converted-to.pdf, id=57, 578.16pt x 418.56375pt>
File: ch1_error_correlations-eps-converted-to.pdf Graphic file (type pdf)

<use ch1_error_correlations-eps-converted-to.pdf>
Package pdftex.def Info: ch1_error_correlations-eps-converted-to.pdf used on in
put line 214.
(pdftex.def)             Requested size: 414.34395pt x 299.96695pt.

Underfull \hbox (badness 10000) in paragraph at lines 215--215
$[]$
 []


Underfull \hbox (badness 10000) in paragraph at lines 215--215

 []

[8] (./paper.bbl
Overfull \vbox (8.65617pt too high) has occurred while \output is active []


Overfull \vbox (8.65617pt too high) has occurred while \output is active []


[9 <./mag_sims-eps-converted-to.pdf> <./close_sim-eps-converted-to.pdf>]
[10 <./mag_sims_cut-eps-converted-to.pdf> <./ch1_error_correlations-eps-convert
ed-to.pdf>])

Package natbib Warning: There were undefined citations.

[11] (./paper.aux)

LaTeX Warning: Label(s) may have changed. Rerun to get cross-references right .


 ) 
Here is how much of TeX's memory you used:
 3911 strings out of 493488
 51797 string characters out of 3141326
 133152 words of memory out of 3000000
 7156 multiletter control sequences out of 15000+200000
 12529 words of font info for 52 fonts, out of 3000000 for 9000
 957 hyphenation exceptions out of 8191
 39i,6n,28p,1426b,301s stack positions out of 5000i,500n,10000p,200000b,50000s
</usr/local/texlive/2012/texmf-dist/fonts/type1/public/amsfonts/cm/cmbx10.pfb
></usr/local/texlive/2012/texmf-dist/fonts/type1/public/amsfonts/cm/cmcsc10.pfb
></usr/local/texlive/2012/texmf-dist/fonts/type1/public/amsfonts/cm/cmmi10.pfb>
</usr/local/texlive/2012/texmf-dist/fonts/type1/public/amsfonts/cm/cmmi5.pfb></
usr/local/texlive/2012/texmf-dist/fonts/type1/public/amsfonts/cm/cmmi7.pfb></us
r/local/texlive/2012/texmf-dist/fonts/type1/public/amsfonts/cm/cmmi8.pfb></usr/
local/texlive/2012/texmf-dist/fonts/type1/public/amsfonts/cm/cmr10.pfb></usr/lo
cal/texlive/2012/texmf-dist/fonts/type1/public/amsfonts/cm/cmr5.pfb></usr/local
/texlive/2012/texmf-dist/fonts/type1/public/amsfonts/cm/cmr6.pfb></usr/local/te
xlive/2012/texmf-dist/fonts/type1/public/amsfonts/cm/cmr7.pfb></usr/local/texli
ve/2012/texmf-dist/fonts/type1/public/amsfonts/cm/cmr8.pfb></usr/local/texlive/
2012/texmf-dist/fonts/type1/public/amsfonts/cm/cmr9.pfb></usr/local/texlive/201
2/texmf-dist/fonts/type1/public/amsfonts/cm/cmsy10.pfb></usr/local/texlive/2012
/texmf-dist/fonts/type1/public/amsfonts/cm/cmsy6.pfb></usr/local/texlive/2012/t
exmf-dist/fonts/type1/public/amsfonts/cm/cmsy7.pfb></usr/local/texlive/2012/tex
mf-dist/fonts/type1/public/amsfonts/cm/cmti10.pfb></usr/local/texlive/2012/texm
f-dist/fonts/type1/public/amsfonts/symbols/msam10.pfb>
Output written on paper.pdf (11 pages, 2598861 bytes).
PDF statistics:
 284 PDF objects out of 1000 (max. 8388607)
 107 compressed objects within 2 object streams
 0 named destinations out of 1000 (max. 500000)
 36 words of extra memory for PDF output out of 10000 (max. 10000000)

