LOG of pygfit.config at 2013-08-12 08:59:23.310842
Run at path: /astro/homes/anthonyhg/pygfit_example/goods

Starting source extractor
Generating source extractor parameters file pygfit.param
sex goods_ch1.fits -c ch1.config -CATALOG_NAME pygfit_lres.cat -WEIGHT_TYPE MAP_RMS -WEIGHT_IMAGE goods_ch1.rms.fits -PARAMETERS_NAME pygfit.param -CATALOG_TYPE FITS_LDAC -CHECKIMAGE_TYPE 'BACKGROUND,SEGMENTATION' -CHECKIMAGE_NAME 'goods_ch1_back.fits,goods_ch1_seg.fits' -MAG_ZEROPOINT 22.416000
Generating region file pygfit_lres.reg from source extractor output
Source Extractor done in 0.205653 seconds

Loading low resolution images/data
Found 135 objects in the low resolution catalog
Keeping 135 objects found inside the low resolution catalog in magnitude range (15.500000 - 26.000000)
Keeping 66 objects found inside the low resolution catalog alignment magnitude range (17.000000 - 23.000000)
Low resolution images/data loaded in 0.047699 seconds

Loading high resolution catalog
Processed 14176 data lines in the high resolution catalog
13677 object(s) were outside the ra/dec range of the low resolution catalog
Kept 499 objects from the high resolution catalog
High resolution catalog loaded in 0.470059 seconds

Aligning high and low resolution catalogs
Fit 16 objects to measure high/low resolution catalog alignment in 7.995744 seconds
Measured offsets (low-high) of (0.337702,0.424891) low resolution pixels (x,y)
Measured offsets (low-high) of (0.202621,0.254934) arcseconds (x,y)

Preparing images for fitting
Generating models with 1 threads
Generated models in 44.624499 seconds
18 low resolution objects did not match anything in the high resolution catalog
Matched up 261 high resolution objects to 117 low resolution objects
Prepared 117 low resolution objects in 54.901112 seconds

Starting fits with 1 threads
Fit 117 low resolution objects in 73.513363 seconds

Generating output
Total time for outputting images: 8.275323 seconds

Outputting final catalog
Total time for outputting final catalog: 0.508401 seconds

pygfit finished in 145.919193 seconds
